<?xml version="1.0" encoding="UTF-8"?>
<!-- Generated by org.testng.reporters.JUnitReportReporter -->
<testsuite hostname="BDC7-L-FCKZ5M2" name="com.amazon.amazontest.AmazonFlipkartTest" tests="2" failures="0" timestamp="12 Mar 2020 14:05:17 GMT" time="127.261" errors="0">
  <testcase name="runFlipkartTest" time="60.748" classname="com.amazon.amazontest.AmazonFlipkartTest"/>
  <testcase name="runAmazonTest" time="66.513" classname="com.amazon.amazontest.AmazonFlipkartTest"/>
</testsuite> <!-- com.amazon.amazontest.AmazonFlipkartTest -->
