<?xml version="1.0" encoding="UTF-8"?>
<!-- Generated by org.testng.reporters.JUnitReportReporter -->
<testsuite hostname="BDC7-L-FCKZ5M2" name="com.amazon.amazontest.ClubMahindraTest" tests="1" failures="0" timestamp="16 Mar 2020 06:22:29 GMT" time="90.086" errors="0">
  <testcase name="runAmazonTest" time="90.086" classname="com.amazon.amazontest.ClubMahindraTest"/>
</testsuite> <!-- com.amazon.amazontest.ClubMahindraTest -->
